mode: atomic
github.com/IcedElect/goverage/example/internal/usecase/some/some.go:12.27,14.2 1 1
github.com/IcedElect/goverage/example/internal/usecase/some/some.go:16.35,19.2 1 0
github.com/IcedElect/goverage/example/internal/usecase/some/some.go:21.43,23.2 1 1
github.com/IcedElect/goverage/example/main.go:9.13,12.29 2 0
github.com/IcedElect/goverage/example/main.go:12.29,14.3 1 0
github.com/IcedElect/goverage/example/main.go:16.2,17.16 2 0
github.com/IcedElect/goverage/example/main.go:17.16,20.3 2 0
github.com/IcedElect/goverage/example/main.go:22.2,25.16 3 0
github.com/IcedElect/goverage/example/main.go:25.16,27.3 1 0
github.com/IcedElect/goverage/example/main.go:30.38,31.15 1 1
github.com/IcedElect/goverage/example/main.go:31.15,33.3 1 0
github.com/IcedElect/goverage/example/main.go:35.2,35.12 1 1
github.com/IcedElect/goverage/example/internal/usecase/registry.go:9.30,13.2 1 0
github.com/IcedElect/goverage/example/internal/usecase/registry.go:15.47,17.2 1 0
github.com/IcedElect/goverage/example/internal/ignore/file.go:21.38,23.16 2 0
github.com/IcedElect/goverage/example/internal/ignore/file.go:23.16,25.3 1 0
github.com/IcedElect/goverage/example/internal/ignore/file.go:26.2,29.16 3 0
github.com/IcedElect/goverage/example/internal/ignore/file.go:29.16,30.38 1 0
github.com/IcedElect/goverage/example/internal/ignore/file.go:30.38,32.4 1 0
github.com/IcedElect/goverage/example/internal/ignore/file.go:34.3,34.36 1 0
github.com/IcedElect/goverage/example/internal/ignore/file.go:37.2,39.8 1 0
github.com/IcedElect/goverage/example/internal/ignore/file.go:44.50,48.16 3 0
github.com/IcedElect/goverage/example/internal/ignore/file.go:48.16,49.38 1 0
github.com/IcedElect/goverage/example/internal/ignore/file.go:49.38,51.4 1 0
github.com/IcedElect/goverage/example/internal/ignore/file.go:53.3,53.36 1 0
github.com/IcedElect/goverage/example/internal/ignore/file.go:56.2,58.8 1 0
github.com/IcedElect/goverage/example/internal/ignore/file.go:61.38,63.2 1 0
github.com/IcedElect/goverage/example/internal/ignore/file.go:70.40,75.33 3 0
github.com/IcedElect/goverage/example/internal/ignore/file.go:75.33,76.34 1 0
github.com/IcedElect/goverage/example/internal/ignore/file.go:76.34,77.18 1 0
github.com/IcedElect/goverage/example/internal/ignore/file.go:77.18,79.5 1 0
github.com/IcedElect/goverage/example/internal/ignore/file.go:81.4,81.16 1 0
github.com/IcedElect/goverage/example/internal/ignore/file.go:85.2,85.14 1 0
github.com/IcedElect/goverage/example/internal/ignore/ignore.go:11.42,14.16 3 0
github.com/IcedElect/goverage/example/internal/ignore/ignore.go:14.16,16.3 1 0
github.com/IcedElect/goverage/example/internal/ignore/ignore.go:18.2,18.27 1 0
github.com/IcedElect/goverage/example/internal/ignore/ignore.go:21.43,24.75 2 0
github.com/IcedElect/goverage/example/internal/ignore/ignore.go:24.75,25.17 1 0
github.com/IcedElect/goverage/example/internal/ignore/ignore.go:25.17,27.4 1 0
github.com/IcedElect/goverage/example/internal/ignore/ignore.go:29.3,29.16 1 0
github.com/IcedElect/goverage/example/internal/ignore/ignore.go:29.16,31.4 1 0
github.com/IcedElect/goverage/example/internal/ignore/ignore.go:33.3,33.42 1 0
github.com/IcedElect/goverage/example/internal/ignore/ignore.go:33.42,35.4 1 0
github.com/IcedElect/goverage/example/internal/ignore/ignore.go:37.3,38.17 2 0
github.com/IcedElect/goverage/example/internal/ignore/ignore.go:38.17,40.4 1 0
github.com/IcedElect/goverage/example/internal/ignore/ignore.go:41.3,44.22 3 0
github.com/IcedElect/goverage/example/internal/ignore/ignore.go:44.22,46.50 2 0
github.com/IcedElect/goverage/example/internal/ignore/ignore.go:46.50,47.13 1 0
github.com/IcedElect/goverage/example/internal/ignore/ignore.go:49.4,49.67 1 0
github.com/IcedElect/goverage/example/internal/ignore/ignore.go:52.3,52.13 1 0
github.com/IcedElect/goverage/example/internal/ignore/ignore.go:55.2,55.14 1 0
github.com/IcedElect/goverage/example/internal/ignore/ignore.go:58.57,59.37 1 0
github.com/IcedElect/goverage/example/internal/ignore/ignore.go:59.37,61.3 1 0
github.com/IcedElect/goverage/example/internal/ignore/ignore.go:63.2,63.37 1 0
github.com/IcedElect/goverage/example/internal/ignore/ignore.go:63.37,65.3 1 0
github.com/IcedElect/goverage/example/internal/ignore/ignore.go:67.2,67.37 1 0
github.com/IcedElect/goverage/example/internal/ignore/pattern.go:35.45,43.21 2 0
github.com/IcedElect/goverage/example/internal/ignore/pattern.go:43.21,52.35 4 0
github.com/IcedElect/goverage/example/internal/ignore/pattern.go:52.35,53.12 1 0
github.com/IcedElect/goverage/example/internal/ignore/pattern.go:57.3,61.17 2 0
github.com/IcedElect/goverage/example/internal/ignore/pattern.go:61.17,62.12 1 0
github.com/IcedElect/goverage/example/internal/ignore/pattern.go:66.3,67.35 2 0
github.com/IcedElect/goverage/example/internal/ignore/pattern.go:67.35,71.4 2 0
github.com/IcedElect/goverage/example/internal/ignore/pattern.go:74.3,74.54 1 0
github.com/IcedElect/goverage/example/internal/ignore/pattern.go:74.54,76.4 1 0
github.com/IcedElect/goverage/example/internal/ignore/pattern.go:79.3,79.94 1 0
github.com/IcedElect/goverage/example/internal/ignore/pattern.go:79.94,81.4 1 0
github.com/IcedElect/goverage/example/internal/ignore/pattern.go:84.3,89.38 3 0
github.com/IcedElect/goverage/example/internal/ignore/pattern.go:89.38,91.4 1 0
github.com/IcedElect/goverage/example/internal/ignore/pattern.go:93.3,108.35 9 0
github.com/IcedElect/goverage/example/internal/ignore/pattern.go:108.35,111.4 2 0
github.com/IcedElect/goverage/example/internal/ignore/pattern.go:111.9,114.4 2 0
github.com/IcedElect/goverage/example/internal/ignore/pattern.go:116.3,118.35 2 0
github.com/IcedElect/goverage/example/internal/ignore/pattern.go:118.35,120.4 1 0
github.com/IcedElect/goverage/example/internal/ignore/pattern.go:120.9,122.4 1 0
github.com/IcedElect/goverage/example/internal/ignore/pattern.go:124.3,125.17 2 0
github.com/IcedElect/goverage/example/internal/ignore/pattern.go:125.17,127.4 1 0
github.com/IcedElect/goverage/example/internal/ignore/pattern.go:129.3,132.5 1 0
github.com/IcedElect/goverage/example/internal/ignore/pattern.go:135.2,135.38 1 0
github.com/IcedElect/goverage/example/internal/ignore/pattern.go:135.38,137.3 1 0
github.com/IcedElect/goverage/example/internal/ignore/pattern.go:139.2,139.22 1 0
